app/build/intermediates/manifest_merge_blame_file/debug/manifest-merger-blame-debug-report.txt
1<?xml version="1.0" encoding="utf-8"?>
2<manifest xmlns:android="http://schemas.android.com/apk/res/android"
3    package="com.example.shsregistration"
4    android:versionCode="1"
5    android:versionName="1.0" >
6
7    <uses-sdk
8        android:minSdkVersion="16"
8-->src/main/AndroidManifest.xml
9        android:targetSdkVersion="30" />
9-->src/main/AndroidManifest.xml
10
11    <application
11-->src/main/AndroidManifest.xml:5:5-30:19
12        android:allowBackup="true"
12-->src/main/AndroidManifest.xml:6:9-35
13        android:appComponentFactory="androidx.core.app.CoreComponentFactory"
13-->[androidx.core:core:1.3.1] AndroidManifest.xml:24:18-86
14        android:debuggable="true"
15        android:icon="@mipmap/ic_launcher"
15-->src/main/AndroidManifest.xml:7:9-43
16        android:label="@string/app_name"
16-->src/main/AndroidManifest.xml:8:9-41
17        android:roundIcon="@mipmap/ic_launcher_round"
17-->src/main/AndroidManifest.xml:9:9-54
18        android:supportsRtl="true"
18-->src/main/AndroidManifest.xml:10:9-35
19        android:testOnly="true"
20        android:theme="@style/Theme.SHSRegistration" >
20-->src/main/AndroidManifest.xml:11:9-53
21        <activity
21-->src/main/AndroidManifest.xml:12:9-14:52
22            android:name="com.example.shsregistration.RequirementsActivity"
22-->src/main/AndroidManifest.xml:13:13-49
23            android:screenOrientation="portrait" />
23-->src/main/AndroidManifest.xml:14:13-49
24        <activity
24-->src/main/AndroidManifest.xml:15:9-17:51
25            android:name="com.example.shsregistration.ViewAllActivity"
25-->src/main/AndroidManifest.xml:16:13-44
26            android:screenOrientation="portrait" />
26-->src/main/AndroidManifest.xml:17:13-49
27        <activity
27-->src/main/AndroidManifest.xml:18:9-20:51
28            android:name="com.example.shsregistration.RegisterActivity"
28-->src/main/AndroidManifest.xml:19:13-45
29            android:screenOrientation="portrait" />
29-->src/main/AndroidManifest.xml:20:13-49
30        <activity
30-->src/main/AndroidManifest.xml:21:9-29:20
31            android:name="com.example.shsregistration.MainActivity"
31-->src/main/AndroidManifest.xml:22:13-41
32            android:screenOrientation="portrait" >
32-->src/main/AndroidManifest.xml:23:13-49
33            <intent-filter>
33-->src/main/AndroidManifest.xml:24:13-28:29
34                <action android:name="android.intent.action.MAIN" />
34-->src/main/AndroidManifest.xml:25:17-69
34-->src/main/AndroidManifest.xml:25:25-66
35
36                <category android:name="android.intent.category.LAUNCHER" />
36-->src/main/AndroidManifest.xml:27:17-77
36-->src/main/AndroidManifest.xml:27:27-74
37            </intent-filter>
38        </activity>
39    </application>
40
41</manifest>